2022-10-26 20:00:54.133  INFO 4024 --- [restartedMain] c.m.msclientes.MsclientesApplication     : Starting MsclientesApplication using Java 17.0.4.1 on DESKTOP-6O208P4 with PID 4024 (D:\microsserviceUDemy\msclientes\target\classes started by Leonardo in D:\microsserviceUDemy\msclientes)
2022-10-26 20:00:54.135  INFO 4024 --- [restartedMain] c.m.msclientes.MsclientesApplication     : No active profile set, falling back to 1 default profile: "default"
2022-10-26 20:00:54.189  INFO 4024 --- [restartedMain] .e.DevToolsPropertyDefaultsPostProcessor : Devtools property defaults active! Set 'spring.devtools.add-properties' to 'false' to disable
2022-10-26 20:00:54.189  INFO 4024 --- [restartedMain] .e.DevToolsPropertyDefaultsPostProcessor : For additional web related logging consider setting the 'logging.level.web' property to 'DEBUG'
2022-10-26 20:00:54.978  INFO 4024 --- [restartedMain] .s.d.r.c.RepositoryConfigurationDelegate : Bootstrapping Spring Data JPA repositories in DEFAULT mode.
2022-10-26 20:00:55.083  INFO 4024 --- [restartedMain] .s.d.r.c.RepositoryConfigurationDelegate : Finished Spring Data repository scanning in 98 ms. Found 1 JPA repository interfaces.
2022-10-26 20:00:55.309  INFO 4024 --- [restartedMain] o.s.cloud.context.scope.GenericScope     : BeanFactory id=9e892926-2ce8-30e9-bd04-95fed950c52e
2022-10-26 20:00:55.931  INFO 4024 --- [restartedMain] o.s.b.w.embedded.tomcat.TomcatWebServer  : Tomcat initialized with port(s): 0 (http)
2022-10-26 20:00:55.942  INFO 4024 --- [restartedMain] o.apache.catalina.core.StandardService   : Starting service [Tomcat]
2022-10-26 20:00:55.942  INFO 4024 --- [restartedMain] org.apache.catalina.core.StandardEngine  : Starting Servlet engine: [Apache Tomcat/9.0.65]
2022-10-26 20:00:56.019  INFO 4024 --- [restartedMain] o.a.c.c.C.[Tomcat].[localhost].[/]       : Initializing Spring embedded WebApplicationContext
2022-10-26 20:00:56.019  INFO 4024 --- [restartedMain] w.s.c.ServletWebServerApplicationContext : Root WebApplicationContext: initialization completed in 1829 ms
2022-10-26 20:00:56.143  INFO 4024 --- [restartedMain] com.zaxxer.hikari.HikariDataSource       : HikariPool-1 - Starting...
2022-10-26 20:00:56.308  INFO 4024 --- [restartedMain] com.zaxxer.hikari.HikariDataSource       : HikariPool-1 - Start completed.
2022-10-26 20:00:56.318  INFO 4024 --- [restartedMain] o.s.b.a.h2.H2ConsoleAutoConfiguration    : H2 console available at '/h2-console'. Database available at 'jdbc:h2:mem:88da9347-fa94-49f5-b3c9-646e70b4a1e9'
2022-10-26 20:00:56.608  INFO 4024 --- [restartedMain] o.hibernate.jpa.internal.util.LogHelper  : HHH000204: Processing PersistenceUnitInfo [name: default]
2022-10-26 20:00:56.662  INFO 4024 --- [restartedMain] org.hibernate.Version                    : HHH000412: Hibernate ORM core version 5.6.11.Final
2022-10-26 20:00:56.856  INFO 4024 --- [restartedMain] o.hibernate.annotations.common.Version   : HCANN000001: Hibernate Commons Annotations {5.1.2.Final}
2022-10-26 20:00:56.979  INFO 4024 --- [restartedMain] org.hibernate.dialect.Dialect            : HHH000400: Using dialect: org.hibernate.dialect.H2Dialect
2022-10-26 20:00:57.374  INFO 4024 --- [restartedMain] o.h.e.t.j.p.i.JtaPlatformInitiator       : HHH000490: Using JtaPlatform implementation: [org.hibernate.engine.transaction.jta.platform.internal.NoJtaPlatform]
2022-10-26 20:00:57.379  INFO 4024 --- [restartedMain] j.LocalContainerEntityManagerFactoryBean : Initialized JPA EntityManagerFactory for persistence unit 'default'
2022-10-26 20:00:57.719  WARN 4024 --- [restartedMain] JpaBaseConfiguration$JpaWebConfiguration : spring.jpa.open-in-view is enabled by default. Therefore, database queries may be performed during view rendering. Explicitly configure spring.jpa.open-in-view to disable this warning
2022-10-26 20:00:58.689  INFO 4024 --- [restartedMain] o.s.b.d.a.OptionalLiveReloadServer       : LiveReload server is running on port 35729
2022-10-26 20:00:58.733  INFO 4024 --- [restartedMain] DiscoveryClientOptionalArgsConfiguration : Eureka HTTP Client uses RestTemplate.
2022-10-26 20:00:58.797  WARN 4024 --- [restartedMain] iguration$LoadBalancerCaffeineWarnLogger : Spring Cloud LoadBalancer is currently working with the default cache. While this cache implementation is useful for development and tests, it's recommended to use Caffeine cache in production.You can switch to using Caffeine cache, by adding it and org.springframework.cache.caffeine.CaffeineCacheManager to the classpath.
2022-10-26 20:00:58.801  INFO 4024 --- [restartedMain] o.s.b.a.e.web.EndpointLinksResolver      : Exposing 17 endpoint(s) beneath base path '/actuator'
2022-10-26 20:00:58.839  INFO 4024 --- [restartedMain] o.s.b.w.embedded.tomcat.TomcatWebServer  : Tomcat started on port(s): 62487 (http) with context path ''
2022-10-26 20:00:58.840  INFO 4024 --- [restartedMain] .s.c.n.e.s.EurekaAutoServiceRegistration : Updating port to 62487
2022-10-26 20:00:58.843  INFO 4024 --- [restartedMain] o.s.c.n.eureka.InstanceInfoFactory       : Setting initial instance status as: STARTING
2022-10-26 20:00:58.904  INFO 4024 --- [restartedMain] com.netflix.discovery.DiscoveryClient    : Initializing Eureka in region us-east-1
2022-10-26 20:00:58.909  INFO 4024 --- [restartedMain] c.n.d.s.r.aws.ConfigClusterResolver      : Resolving eureka endpoints via configuration
2022-10-26 20:00:58.934  INFO 4024 --- [restartedMain] com.netflix.discovery.DiscoveryClient    : Disable delta property : false
2022-10-26 20:00:58.934  INFO 4024 --- [restartedMain] com.netflix.discovery.DiscoveryClient    : Single vip registry refresh property : null
2022-10-26 20:00:58.934  INFO 4024 --- [restartedMain] com.netflix.discovery.DiscoveryClient    : Force full registry fetch : false
2022-10-26 20:00:58.934  INFO 4024 --- [restartedMain] com.netflix.discovery.DiscoveryClient    : Application is null : false
2022-10-26 20:00:58.934  INFO 4024 --- [restartedMain] com.netflix.discovery.DiscoveryClient    : Registered Applications size is zero : true
2022-10-26 20:00:58.935  INFO 4024 --- [restartedMain] com.netflix.discovery.DiscoveryClient    : Application version is -1: true
2022-10-26 20:00:58.935  INFO 4024 --- [restartedMain] com.netflix.discovery.DiscoveryClient    : Getting all instance registry info from the eureka server
2022-10-26 20:00:59.152  INFO 4024 --- [restartedMain] com.netflix.discovery.DiscoveryClient    : The response status is 200
2022-10-26 20:00:59.154  INFO 4024 --- [restartedMain] com.netflix.discovery.DiscoveryClient    : Starting heartbeat executor: renew interval is: 30
2022-10-26 20:00:59.155  INFO 4024 --- [restartedMain] c.n.discovery.InstanceInfoReplicator     : InstanceInfoReplicator onDemand update allowed rate per min is 4
2022-10-26 20:00:59.159  INFO 4024 --- [restartedMain] com.netflix.discovery.DiscoveryClient    : Discovery Client initialized at timestamp 1666825259158 with initial instances count: 0
2022-10-26 20:00:59.160  INFO 4024 --- [restartedMain] o.s.c.n.e.s.EurekaServiceRegistry        : Registering application MSCLIENTES with eureka with status UP
2022-10-26 20:00:59.160  INFO 4024 --- [restartedMain] com.netflix.discovery.DiscoveryClient    : Saw local status change event StatusChangeEvent [timestamp=1666825259160, current=UP, previous=STARTING]
2022-10-26 20:00:59.161  INFO 4024 --- [DiscoveryClient-InstanceInfoReplicator-0] com.netflix.discovery.DiscoveryClient    : DiscoveryClient_MSCLIENTES/msclientes:50ab3ff2aae24441d9bf198107e13eb6: registering service...
2022-10-26 20:00:59.205  INFO 4024 --- [restartedMain] c.m.msclientes.MsclientesApplication     : Started MsclientesApplication in 5.483 seconds (JVM running for 5.941)
2022-10-26 20:00:59.240  INFO 4024 --- [DiscoveryClient-InstanceInfoReplicator-0] com.netflix.discovery.DiscoveryClient    : DiscoveryClient_MSCLIENTES/msclientes:50ab3ff2aae24441d9bf198107e13eb6 - registration status: 204
2022-10-26 20:01:12.881  INFO 4024 --- [http-nio-auto-1-exec-1] o.a.c.c.C.[Tomcat].[localhost].[/]       : Initializing Spring DispatcherServlet 'dispatcherServlet'
2022-10-26 20:01:12.882  INFO 4024 --- [http-nio-auto-1-exec-1] o.s.web.servlet.DispatcherServlet        : Initializing Servlet 'dispatcherServlet'
2022-10-26 20:01:12.882  INFO 4024 --- [http-nio-auto-1-exec-1] o.s.web.servlet.DispatcherServlet        : Completed initialization in 0 ms
2022-10-26 20:01:29.164  INFO 4024 --- [DiscoveryClient-CacheRefreshExecutor-0] com.netflix.discovery.DiscoveryClient    : Disable delta property : false
2022-10-26 20:01:29.164  INFO 4024 --- [DiscoveryClient-CacheRefreshExecutor-0] com.netflix.discovery.DiscoveryClient    : Single vip registry refresh property : null
2022-10-26 20:01:29.164  INFO 4024 --- [DiscoveryClient-CacheRefreshExecutor-0] com.netflix.discovery.DiscoveryClient    : Force full registry fetch : false
2022-10-26 20:01:29.165  INFO 4024 --- [DiscoveryClient-CacheRefreshExecutor-0] com.netflix.discovery.DiscoveryClient    : Application is null : false
2022-10-26 20:01:29.165  INFO 4024 --- [DiscoveryClient-CacheRefreshExecutor-0] com.netflix.discovery.DiscoveryClient    : Registered Applications size is zero : true
2022-10-26 20:01:29.165  INFO 4024 --- [DiscoveryClient-CacheRefreshExecutor-0] com.netflix.discovery.DiscoveryClient    : Application version is -1: false
2022-10-26 20:01:29.165  INFO 4024 --- [DiscoveryClient-CacheRefreshExecutor-0] com.netflix.discovery.DiscoveryClient    : Getting all instance registry info from the eureka server
2022-10-26 20:01:29.178  INFO 4024 --- [DiscoveryClient-CacheRefreshExecutor-0] com.netflix.discovery.DiscoveryClient    : The response status is 200
2022-10-26 20:05:58.945  INFO 4024 --- [AsyncResolver-bootstrap-executor-0] c.n.d.s.r.aws.ConfigClusterResolver      : Resolving eureka endpoints via configuration
2022-10-26 20:06:01.873  INFO 4024 --- [SpringApplicationShutdownHook] o.s.c.n.e.s.EurekaServiceRegistry        : Unregistering application MSCLIENTES with eureka with status DOWN
2022-10-26 20:06:01.873  INFO 4024 --- [SpringApplicationShutdownHook] com.netflix.discovery.DiscoveryClient    : Saw local status change event StatusChangeEvent [timestamp=1666825561873, current=DOWN, previous=UP]
2022-10-26 20:06:01.874  INFO 4024 --- [DiscoveryClient-InstanceInfoReplicator-0] com.netflix.discovery.DiscoveryClient    : DiscoveryClient_MSCLIENTES/msclientes:50ab3ff2aae24441d9bf198107e13eb6: registering service...
2022-10-26 20:06:01.878  INFO 4024 --- [DiscoveryClient-InstanceInfoReplicator-0] com.netflix.discovery.DiscoveryClient    : DiscoveryClient_MSCLIENTES/msclientes:50ab3ff2aae24441d9bf198107e13eb6 - registration status: 204
2022-10-26 20:06:01.889  INFO 4024 --- [SpringApplicationShutdownHook] j.LocalContainerEntityManagerFactoryBean : Closing JPA EntityManagerFactory for persistence unit 'default'
2022-10-26 20:06:01.889  INFO 4024 --- [SpringApplicationShutdownHook] .SchemaDropperImpl$DelayedDropActionImpl : HHH000477: Starting delayed evictData of schema as part of SessionFactory shut-down'
2022-10-26 20:06:02.102  WARN 4024 --- [SpringApplicationShutdownHook] o.s.b.f.support.DisposableBeanAdapter    : Invocation of destroy method failed on bean with name 'inMemoryDatabaseShutdownExecutor': org.h2.jdbc.JdbcSQLNonTransientConnectionException: Database is already closed (to disable automatic closing at VM shutdown, add ";DB_CLOSE_ON_EXIT=FALSE" to the db URL) [90121-200]
2022-10-26 20:06:02.103  INFO 4024 --- [SpringApplicationShutdownHook] com.zaxxer.hikari.HikariDataSource       : HikariPool-1 - Shutdown initiated...
2022-10-26 20:06:02.104  INFO 4024 --- [SpringApplicationShutdownHook] com.zaxxer.hikari.HikariDataSource       : HikariPool-1 - Shutdown completed.
2022-10-26 20:06:02.105  INFO 4024 --- [SpringApplicationShutdownHook] com.netflix.discovery.DiscoveryClient    : Shutting down DiscoveryClient ...
